{"/Users/eugeneoei/Developer/study/js-tdd-oop/roman-numerals-kata/solution.js": {"path":"/Users/eugeneoei/Developer/study/js-tdd-oop/roman-numerals-kata/solution.js","statementMap":{"0":{"start":{"line":40,"column":24},"end":{"line":63,"column":1}},"1":{"start":{"line":42,"column":23},"end":{"line":54,"column":2}},"2":{"start":{"line":62,"column":1},"end":{"line":62,"column":28}},"3":{"start":{"line":65,"column":16},"end":{"line":76,"column":1}},"4":{"start":{"line":68,"column":22},"end":{"line":68,"column":42}},"5":{"start":{"line":69,"column":22},"end":{"line":69,"column":30}},"6":{"start":{"line":70,"column":1},"end":{"line":74,"column":3}},"7":{"start":{"line":78,"column":0},"end":{"line":80,"column":1}}},"fnMap":{"0":{"name":"(anonymous_0)","decl":{"start":{"line":40,"column":24},"end":{"line":40,"column":25}},"loc":{"start":{"line":40,"column":70},"end":{"line":63,"column":1}},"line":40},"1":{"name":"(anonymous_1)","decl":{"start":{"line":65,"column":16},"end":{"line":65,"column":17}},"loc":{"start":{"line":65,"column":23},"end":{"line":76,"column":1}},"line":65}},"branchMap":{},"s":{"0":1,"1":30,"2":30,"3":1,"4":15,"5":15,"6":15,"7":1},"f":{"0":30,"1":15},"b":{},"_coverageSchema":"1a1c01bbd47fc00a2c39e90264f33305004495a9","hash":"c51710522788b541fd5f80dfba907ce2c452fe6f"}
}
