{"/Users/eugeneoei/Developer/study/js-tdd-oop/glided-rose-kata/defs.js": {"path":"/Users/eugeneoei/Developer/study/js-tdd-oop/glided-rose-kata/defs.js","statementMap":{"0":{"start":{"line":1,"column":17},"end":{"line":1,"column":28}},"1":{"start":{"line":2,"column":18},"end":{"line":2,"column":31}},"2":{"start":{"line":3,"column":18},"end":{"line":3,"column":31}},"3":{"start":{"line":4,"column":18},"end":{"line":4,"column":31}},"4":{"start":{"line":5,"column":15},"end":{"line":5,"column":43}},"5":{"start":{"line":6,"column":17},"end":{"line":6,"column":27}},"6":{"start":{"line":7,"column":18},"end":{"line":7,"column":30}},"7":{"start":{"line":8,"column":18},"end":{"line":8,"column":30}},"8":{"start":{"line":9,"column":18},"end":{"line":9,"column":30}},"9":{"start":{"line":10,"column":18},"end":{"line":10,"column":59}},"10":{"start":{"line":12,"column":29},"end":{"line":18,"column":1}},"11":{"start":{"line":20,"column":23},"end":{"line":26,"column":1}},"12":{"start":{"line":28,"column":28},"end":{"line":28,"column":29}},"13":{"start":{"line":29,"column":28},"end":{"line":29,"column":30}},"14":{"start":{"line":30,"column":34},"end":{"line":30,"column":36}},"15":{"start":{"line":32,"column":0},"end":{"line":48,"column":1}}},"fnMap":{},"branchMap":{},"s":{"0":1,"1":1,"2":1,"3":1,"4":1,"5":1,"6":1,"7":1,"8":1,"9":1,"10":1,"11":1,"12":1,"13":1,"14":1,"15":1},"f":{},"b":{},"_coverageSchema":"1a1c01bbd47fc00a2c39e90264f33305004495a9","hash":"3ec06ec6158c8e38e95c4a075666b97b4bf469d6"}
,"/Users/eugeneoei/Developer/study/js-tdd-oop/glided-rose-kata/solution.js": {"path":"/Users/eugeneoei/Developer/study/js-tdd-oop/glided-rose-kata/solution.js","statementMap":{"0":{"start":{"line":5,"column":4},"end":{"line":5,"column":21}},"1":{"start":{"line":10,"column":2},"end":{"line":10,"column":18}},"2":{"start":{"line":11,"column":2},"end":{"line":11,"column":22}},"3":{"start":{"line":12,"column":2},"end":{"line":12,"column":24}},"4":{"start":{"line":16,"column":2},"end":{"line":18,"column":3}},"5":{"start":{"line":17,"column":3},"end":{"line":17,"column":20}},"6":{"start":{"line":22,"column":2},"end":{"line":24,"column":3}},"7":{"start":{"line":23,"column":3},"end":{"line":23,"column":19}},"8":{"start":{"line":28,"column":2},"end":{"line":28,"column":18}},"9":{"start":{"line":33,"column":2},"end":{"line":63,"column":3}},"10":{"start":{"line":35,"column":3},"end":{"line":43,"column":4}},"11":{"start":{"line":36,"column":4},"end":{"line":36,"column":20}},"12":{"start":{"line":37,"column":10},"end":{"line":43,"column":4}},"13":{"start":{"line":38,"column":4},"end":{"line":38,"column":21}},"14":{"start":{"line":39,"column":10},"end":{"line":43,"column":4}},"15":{"start":{"line":40,"column":4},"end":{"line":40,"column":21}},"16":{"start":{"line":42,"column":4},"end":{"line":42,"column":21}},"17":{"start":{"line":44,"column":3},"end":{"line":44,"column":29}},"18":{"start":{"line":46,"column":9},"end":{"line":63,"column":3}},"19":{"start":{"line":49,"column":3},"end":{"line":51,"column":4}},"20":{"start":{"line":50,"column":4},"end":{"line":50,"column":44}},"21":{"start":{"line":55,"column":3},"end":{"line":61,"column":4}},"22":{"start":{"line":56,"column":4},"end":{"line":56,"column":21}},"23":{"start":{"line":57,"column":4},"end":{"line":57,"column":30}},"24":{"start":{"line":58,"column":4},"end":{"line":58,"column":30}},"25":{"start":{"line":60,"column":4},"end":{"line":60,"column":23}},"26":{"start":{"line":72,"column":2},"end":{"line":72,"column":18}},"27":{"start":{"line":73,"column":2},"end":{"line":73,"column":20}},"28":{"start":{"line":77,"column":2},"end":{"line":80,"column":4}},"29":{"start":{"line":78,"column":3},"end":{"line":78,"column":22}},"30":{"start":{"line":79,"column":3},"end":{"line":79,"column":23}},"31":{"start":{"line":85,"column":0},"end":{"line":88,"column":1}}},"fnMap":{"0":{"name":"(anonymous_0)","decl":{"start":{"line":9,"column":1},"end":{"line":9,"column":2}},"loc":{"start":{"line":9,"column":36},"end":{"line":13,"column":2}},"line":9},"1":{"name":"(anonymous_1)","decl":{"start":{"line":15,"column":1},"end":{"line":15,"column":2}},"loc":{"start":{"line":15,"column":23},"end":{"line":19,"column":2}},"line":15},"2":{"name":"(anonymous_2)","decl":{"start":{"line":21,"column":1},"end":{"line":21,"column":2}},"loc":{"start":{"line":21,"column":23},"end":{"line":25,"column":2}},"line":21},"3":{"name":"(anonymous_3)","decl":{"start":{"line":27,"column":1},"end":{"line":27,"column":2}},"loc":{"start":{"line":27,"column":16},"end":{"line":29,"column":2}},"line":27},"4":{"name":"(anonymous_4)","decl":{"start":{"line":31,"column":1},"end":{"line":31,"column":2}},"loc":{"start":{"line":31,"column":17},"end":{"line":65,"column":2}},"line":31},"5":{"name":"(anonymous_5)","decl":{"start":{"line":71,"column":1},"end":{"line":71,"column":2}},"loc":{"start":{"line":71,"column":29},"end":{"line":74,"column":2}},"line":71},"6":{"name":"(anonymous_6)","decl":{"start":{"line":76,"column":1},"end":{"line":76,"column":2}},"loc":{"start":{"line":76,"column":22},"end":{"line":81,"column":2}},"line":76},"7":{"name":"(anonymous_7)","decl":{"start":{"line":77,"column":21},"end":{"line":77,"column":22}},"loc":{"start":{"line":77,"column":29},"end":{"line":80,"column":3}},"line":77}},"branchMap":{"0":{"loc":{"start":{"line":16,"column":2},"end":{"line":18,"column":3}},"type":"if","locations":[{"start":{"line":16,"column":2},"end":{"line":18,"column":3}},{"start":{"line":16,"column":2},"end":{"line":18,"column":3}}],"line":16},"1":{"loc":{"start":{"line":22,"column":2},"end":{"line":24,"column":3}},"type":"if","locations":[{"start":{"line":22,"column":2},"end":{"line":24,"column":3}},{"start":{"line":22,"column":2},"end":{"line":24,"column":3}}],"line":22},"2":{"loc":{"start":{"line":33,"column":2},"end":{"line":63,"column":3}},"type":"if","locations":[{"start":{"line":33,"column":2},"end":{"line":63,"column":3}},{"start":{"line":33,"column":2},"end":{"line":63,"column":3}}],"line":33},"3":{"loc":{"start":{"line":35,"column":3},"end":{"line":43,"column":4}},"type":"if","locations":[{"start":{"line":35,"column":3},"end":{"line":43,"column":4}},{"start":{"line":35,"column":3},"end":{"line":43,"column":4}}],"line":35},"4":{"loc":{"start":{"line":37,"column":10},"end":{"line":43,"column":4}},"type":"if","locations":[{"start":{"line":37,"column":10},"end":{"line":43,"column":4}},{"start":{"line":37,"column":10},"end":{"line":43,"column":4}}],"line":37},"5":{"loc":{"start":{"line":39,"column":10},"end":{"line":43,"column":4}},"type":"if","locations":[{"start":{"line":39,"column":10},"end":{"line":43,"column":4}},{"start":{"line":39,"column":10},"end":{"line":43,"column":4}}],"line":39},"6":{"loc":{"start":{"line":46,"column":9},"end":{"line":63,"column":3}},"type":"if","locations":[{"start":{"line":46,"column":9},"end":{"line":63,"column":3}},{"start":{"line":46,"column":9},"end":{"line":63,"column":3}}],"line":46},"7":{"loc":{"start":{"line":49,"column":3},"end":{"line":51,"column":4}},"type":"if","locations":[{"start":{"line":49,"column":3},"end":{"line":51,"column":4}},{"start":{"line":49,"column":3},"end":{"line":51,"column":4}}],"line":49},"8":{"loc":{"start":{"line":55,"column":3},"end":{"line":61,"column":4}},"type":"if","locations":[{"start":{"line":55,"column":3},"end":{"line":61,"column":4}},{"start":{"line":55,"column":3},"end":{"line":61,"column":4}}],"line":55},"9":{"loc":{"start":{"line":71,"column":19},"end":{"line":71,"column":27}},"type":"default-arg","locations":[{"start":{"line":71,"column":25},"end":{"line":71,"column":27}}],"line":71}},"s":{"0":1,"1":29,"2":29,"3":29,"4":61,"5":10,"6":18,"7":3,"8":72,"9":71,"10":43,"11":5,"12":38,"13":14,"14":24,"15":18,"16":6,"17":43,"18":28,"19":8,"20":6,"21":20,"22":18,"23":18,"24":18,"25":2,"26":3,"27":3,"28":1,"29":14,"30":14,"31":1},"f":{"0":29,"1":61,"2":18,"3":72,"4":71,"5":3,"6":1,"7":14},"b":{"0":[10,51],"1":[3,15],"2":[43,28],"3":[5,38],"4":[14,24],"5":[18,6],"6":[8,20],"7":[6,2],"8":[18,2],"9":[1]},"_coverageSchema":"1a1c01bbd47fc00a2c39e90264f33305004495a9","hash":"ef2e7b240177c502f0cd31f8dcbd4159cee70753"}
,"/Users/eugeneoei/Developer/study/js-tdd-oop/roman/solution.js": {"path":"/Users/eugeneoei/Developer/study/js-tdd-oop/roman/solution.js","statementMap":{"0":{"start":{"line":1,"column":16},"end":{"line":18,"column":1}},"1":{"start":{"line":3,"column":23},"end":{"line":6,"column":2}},"2":{"start":{"line":8,"column":1},"end":{"line":16,"column":2}},"3":{"start":{"line":9,"column":15},"end":{"line":9,"column":17}},"4":{"start":{"line":10,"column":2},"end":{"line":12,"column":3}},"5":{"start":{"line":10,"column":15},"end":{"line":10,"column":16}},"6":{"start":{"line":11,"column":3},"end":{"line":11,"column":16}},"7":{"start":{"line":13,"column":2},"end":{"line":13,"column":15}},"8":{"start":{"line":15,"column":2},"end":{"line":15,"column":27}},"9":{"start":{"line":20,"column":0},"end":{"line":22,"column":1}}},"fnMap":{"0":{"name":"(anonymous_0)","decl":{"start":{"line":1,"column":16},"end":{"line":1,"column":17}},"loc":{"start":{"line":1,"column":23},"end":{"line":18,"column":1}},"line":1}},"branchMap":{"0":{"loc":{"start":{"line":8,"column":1},"end":{"line":16,"column":2}},"type":"if","locations":[{"start":{"line":8,"column":1},"end":{"line":16,"column":2}},{"start":{"line":8,"column":1},"end":{"line":16,"column":2}}],"line":8}},"s":{"0":1,"1":4,"2":4,"3":2,"4":2,"5":2,"6":3,"7":2,"8":2,"9":1},"f":{"0":4},"b":{"0":[2,2]},"_coverageSchema":"1a1c01bbd47fc00a2c39e90264f33305004495a9","hash":"e8accac3369c1acc4538be660cd92c26b6e88db9"}
}
