TN:
SF:glided-rose-kata/defs.js
FNF:0
FNH:0
DA:1,1
DA:2,1
DA:3,1
DA:4,1
DA:5,1
DA:6,1
DA:7,1
DA:8,1
DA:9,1
DA:10,1
DA:12,1
DA:20,1
DA:28,1
DA:29,1
DA:30,1
DA:32,1
LF:16
LH:16
BRF:0
BRH:0
end_of_record
TN:
SF:glided-rose-kata/solution.js
FN:9,(anonymous_0)
FN:15,(anonymous_1)
FN:21,(anonymous_2)
FN:27,(anonymous_3)
FN:31,(anonymous_4)
FN:71,(anonymous_5)
FN:76,(anonymous_6)
FN:77,(anonymous_7)
FNF:8
FNH:8
FNDA:29,(anonymous_0)
FNDA:61,(anonymous_1)
FNDA:18,(anonymous_2)
FNDA:72,(anonymous_3)
FNDA:71,(anonymous_4)
FNDA:3,(anonymous_5)
FNDA:1,(anonymous_6)
FNDA:14,(anonymous_7)
DA:5,1
DA:10,29
DA:11,29
DA:12,29
DA:16,61
DA:17,10
DA:22,18
DA:23,3
DA:28,72
DA:33,71
DA:35,43
DA:36,5
DA:37,38
DA:38,14
DA:39,24
DA:40,18
DA:42,6
DA:44,43
DA:46,28
DA:49,8
DA:50,6
DA:55,20
DA:56,18
DA:57,18
DA:58,18
DA:60,2
DA:72,3
DA:73,3
DA:77,1
DA:78,14
DA:79,14
DA:85,1
LF:32
LH:32
BRDA:16,0,0,10
BRDA:16,0,1,51
BRDA:22,1,0,3
BRDA:22,1,1,15
BRDA:33,2,0,43
BRDA:33,2,1,28
BRDA:35,3,0,5
BRDA:35,3,1,38
BRDA:37,4,0,14
BRDA:37,4,1,24
BRDA:39,5,0,18
BRDA:39,5,1,6
BRDA:46,6,0,8
BRDA:46,6,1,20
BRDA:49,7,0,6
BRDA:49,7,1,2
BRDA:55,8,0,18
BRDA:55,8,1,2
BRDA:71,9,0,1
BRF:19
BRH:19
end_of_record
TN:
SF:roman/solution.js
FN:1,(anonymous_0)
FNF:1
FNH:1
FNDA:4,(anonymous_0)
DA:1,1
DA:3,4
DA:8,4
DA:9,2
DA:10,2
DA:11,3
DA:13,2
DA:15,2
DA:20,1
LF:9
LH:9
BRDA:8,0,0,2
BRDA:8,0,1,2
BRF:2
BRH:2
end_of_record
